Сборка начата 12.12.2024 01:41:38.
Уровень детализации журнала: Normal.     1>Проект "C:\Users\stude\OneDrive\Рабочий стол\Labs\DKD-2024\DKD-2024\DKD-2024.vcxproj" в узле 2 (целевые объекты Build).
     1>PrepareForBuild:
         Структурированный вывод включен. Форматирование диагностики компилятора будет отражать иерархию ошибок. Подробнее см. https://aka.ms/cpp/structured-output.
       InitializeBuildStatus:
         Обращение к "DKD-2024\x64\Debug\DKD-2024.tlog\unsuccessfulbuild".
       ClCompile:
         C:\Program Files\Microsoft Visual Studio\2022\Community\VC\Tools\MSVC\14.41.34120\bin\HostX64\x64\CL.exe /c /ZI /JMC /nologo /W3 /WX- /diagnostics:column /sdl /Od /D _DEBUG /D _CONSOLE /D _UNICODE /D UNICODE /Gm- /EHsc /RTC1 /MDd /GS /fp:precise /Zc:wchar_t /Zc:forScope /Zc:inline /permissive- /Fo"DKD-2024\x64\Debug\\" /Fd"DKD-2024\x64\Debug\vc143.pdb" /external:W3 /Gd /TP /FC /errorReport:prompt "..\..\..\..\..\Downloads\KVV-2023-master\KVV-2023-master\KVV-2023\KVV-2023\IT.cpp"
         IT.cpp
     1>C:\Users\stude\Downloads\KVV-2023-master\KVV-2023-master\KVV-2023\KVV-2023\IT.cpp(66,42): warning C4267: =: преобразование из "size_t" в "int"; возможна потеря данных
       Link:
         C:\Program Files\Microsoft Visual Studio\2022\Community\VC\Tools\MSVC\14.41.34120\bin\HostX64\x64\link.exe /ERRORREPORT:PROMPT /OUT:"C:\Users\stude\OneDrive\Рабочий стол\Labs\DKD-2024\DKD-2024\x64\Debug\DKD-2024.exe" /INCREMENTAL /ILK:"DKD-2024\x64\Debug\DKD-2024.ilk" /NOLOGO kernel32.lib user32.lib gdi32.lib winspool.lib comdlg32.lib advapi32.lib shell32.lib ole32.lib oleaut32.lib uuid.lib odbc32.lib odbccp32.lib /MANIFEST /MANIFESTUAC:"level='asInvoker' uiAccess='false'" /manifest:embed /DEBUG /PDB:"C:\Users\stude\OneDrive\Рабочий стол\Labs\DKD-2024\DKD-2024\x64\Debug\DKD-2024.pdb" /SUBSYSTEM:CONSOLE /TLBID:1 /DYNAMICBASE /NXCOMPAT /IMPLIB:"C:\Users\stude\OneDrive\Рабочий стол\Labs\DKD-2024\DKD-2024\x64\Debug\DKD-2024.lib" /MACHINE:X64 "DKD-2024\x64\Debug\DKD-2024.obj"
         "DKD-2024\x64\Debug\Error.obj"
         "DKD-2024\x64\Debug\FST.obj"
         "DKD-2024\x64\Debug\Generator.obj"
         "DKD-2024\x64\Debug\Greibah.obj"
         "DKD-2024\x64\Debug\In.obj"
         "DKD-2024\x64\Debug\IT.obj"
         "DKD-2024\x64\Debug\LexAnaliz.obj"
         "DKD-2024\x64\Debug\Log.obj"
         "DKD-2024\x64\Debug\LT.obj"
         "DKD-2024\x64\Debug\MFST.obj"
         "DKD-2024\x64\Debug\Parm.obj"
         "DKD-2024\x64\Debug\pch.obj"
         "DKD-2024\x64\Debug\PolishNotation.obj"
         "DKD-2024\x64\Debug\SemAnaliz.obj"
         DKD-2024.vcxproj -> C:\Users\stude\OneDrive\Рабочий стол\Labs\DKD-2024\DKD-2024\x64\Debug\DKD-2024.exe
       FinalizeBuildStatus:
         Файл "DKD-2024\x64\Debug\DKD-2024.tlog\unsuccessfulbuild" удаляется.
         Обращение к "DKD-2024\x64\Debug\DKD-2024.tlog\DKD-2024.lastbuildstate".
     1>Сборка проекта "C:\Users\stude\OneDrive\Рабочий стол\Labs\DKD-2024\DKD-2024\DKD-2024.vcxproj" завершена (целевые объекты Build).

Сборка успешно завершена.

       "C:\Users\stude\OneDrive\Рабочий стол\Labs\DKD-2024\DKD-2024\DKD-2024.vcxproj" (целевой объект Build ) (1) ->
       (Целевой объект ClCompile) -> 
         C:\Users\stude\Downloads\KVV-2023-master\KVV-2023-master\KVV-2023\KVV-2023\IT.cpp(66,42): warning C4267: =: преобразование из "size_t" в "int"; возможна потеря данных

    Предупреждений: 1
    Ошибок: 0

Прошло времени 00:00:00.99
