Сборка начата 17.12.2024 21:05:01.
Уровень детализации журнала: Normal.     1>Проект "C:\DKD-2024\DKD-2024\Generation\Generation\Generation.vcxproj" в узле 2 (целевые объекты Build).
     1>PrepareForBuild:
         Структурированный вывод включен. Форматирование диагностики компилятора будет отражать иерархию ошибок. Подробнее см. https://aka.ms/cpp/structured-output.
       InitializeBuildStatus:
         Создание "Debug\Generation.tlog\unsuccessfulbuild", так как было задано "AlwaysCreate".
         Обращение к "Debug\Generation.tlog\unsuccessfulbuild".
       _MASM:
         Assembling Gen.asm...
         cmd.exe /C "C:\Users\stude\AppData\Local\Temp\tmp3dada424db3d41eaacfe0e871718fe54.cmd"
         ml.exe /c /nologo /Zi /Fo"Debug\Gen.obj" /W3 /errorReport:prompt  /TaGen.asm
       ClCompile:
         Для всех выходных данных обновления не требуется.
       Link:
         C:\Program Files\Microsoft Visual Studio\2022\Community\VC\Tools\MSVC\14.41.34120\bin\HostX86\x86\link.exe /ERRORREPORT:PROMPT /OUT:"C:\DKD-2024\DKD-2024\Generation\Debug\Generation.exe" /INCREMENTAL /ILK:"Debug\Generation.ilk" /NOLOGO kernel32.lib user32.lib gdi32.lib winspool.lib comdlg32.lib advapi32.lib shell32.lib ole32.lib oleaut32.lib uuid.lib odbc32.lib odbccp32.lib /MANIFEST /MANIFESTUAC:"level='asInvoker' uiAccess='false'" /manifest:embed /DEBUG /PDB:"C:\DKD-2024\DKD-2024\Generation\Debug\Generation.pdb" /SUBSYSTEM:CONSOLE /TLBID:1 /DYNAMICBASE /NXCOMPAT /IMPLIB:"C:\DKD-2024\DKD-2024\Generation\Debug\Generation.lib" /MACHINE:X86 Debug\stdafx.obj
         Debug\Gen.obj
         Generation.vcxproj -> C:\DKD-2024\DKD-2024\Generation\Debug\Generation.exe
       FinalizeBuildStatus:
         Файл "Debug\Generation.tlog\unsuccessfulbuild" удаляется.
         Обращение к "Debug\Generation.tlog\Generation.lastbuildstate".
     1>Сборка проекта "C:\DKD-2024\DKD-2024\Generation\Generation\Generation.vcxproj" завершена (целевые объекты Build).

Сборка успешно завершена.
    Предупреждений: 0
    Ошибок: 0

Прошло времени 00:00:00.43
